<?xml version="1.0" encoding="UTF-8"?>
<testng-results ignored="0" total="1" passed="1" failed="0" skipped="0">
  <reporter-output>
  </reporter-output>
  <suite started-at="2022-07-05T16:42:31 IST" name="Default suite" finished-at="2022-07-05T16:42:37 IST" duration-ms="5737">
    <groups>
    </groups>
    <test started-at="2022-07-05T16:42:31 IST" name="Default test" finished-at="2022-07-05T16:42:37 IST" duration-ms="5737">
      <class name="PetRequests.PostAddPet">
        <test-method signature="UpdateUser()[pri:0, instance:PetRequests.PostAddPet@101952da]" started-at="2022-07-05T16:42:31 IST" name="UpdateUser" finished-at="2022-07-05T16:42:37 IST" duration-ms="5700" status="PASS">
          <reporter-output>
          </reporter-output>
        </test-method> <!-- UpdateUser -->
      </class> <!-- PetRequests.PostAddPet -->
    </test> <!-- Default test -->
  </suite> <!-- Default suite -->
</testng-results>
